#
# There is insufficient memory for the Java Runtime Environment to continue.
# Native memory allocation (malloc) failed to allocate 148897792 bytes for committing reserved memory.
# Possible reasons:
#   The system is out of physical RAM or swap space
#   In 32 bit mode, the process size limit was hit
# Possible solutions:
#   Reduce memory load on the system
#   Increase physical memory or swap space
#   Check if swap backing store is full
#   Use 64 bit Java on a 64 bit OS
#   Decrease Java heap size (-Xmx/-Xms)
#   Decrease number of Java threads
#   Decrease Java thread stack sizes (-Xss)
#   Set larger code cache with -XX:ReservedCodeCacheSize=
# This output file may be truncated or incomplete.
#
#  Out of Memory Error (os_linux.cpp:2756), pid=15692, tid=140442957502208
#
# JRE version: Java(TM) SE Runtime Environment (7.0_80-b15) (build 1.7.0_80-b15)
# Java VM: Java HotSpot(TM) 64-Bit Server VM (24.80-b11 mixed mode linux-amd64 compressed oops)
# Failed to write core dump. Core dumps have been disabled. To enable core dumping, try "ulimit -c unlimited" before starting Java again
#

---------------  T H R E A D  ---------------

Current thread (0x00007fbb7806a000):  VMThread [stack: 0x00007fbb6c87d000,0x00007fbb6c97e000] [id=15709]

Stack: [0x00007fbb6c87d000,0x00007fbb6c97e000],  sp=0x00007fbb6c97c340,  free space=1020k
Native frames: (J=compiled Java code, j=interpreted, Vv=VM code, C=native code)
V  [libjvm.so+0x9a320a]  VMError::report_and_die()+0x2ea
V  [libjvm.so+0x498d3b]  report_vm_out_of_memory(char const*, int, unsigned long, char const*)+0x9b
V  [libjvm.so+0x82191e]  os::Linux::commit_memory_impl(char*, unsigned long, bool)+0xfe
V  [libjvm.so+0x821e69]  os::pd_commit_memory(char*, unsigned long, unsigned long, bool)+0x29
V  [libjvm.so+0x81bb6a]  os::commit_memory(char*, unsigned long, unsigned long, bool)+0x2a
V  [libjvm.so+0x88d623]  PSVirtualSpace::expand_by(unsigned long)+0x53
V  [libjvm.so+0x88e9f8]  PSYoungGen::resize_generation(unsigned long, unsigned long)+0xf8
V  [libjvm.so+0x88db62]  PSYoungGen::resize(unsigned long, unsigned long)+0x22
V  [libjvm.so+0x88af1d]  PSScavenge::invoke_no_policy()+0xf3d
V  [libjvm.so+0x88b761]  PSScavenge::invoke()+0x41
V  [libjvm.so+0x843f40]  ParallelScavengeHeap::failed_mem_allocate(unsigned long)+0x70
V  [libjvm.so+0x9a4a97]  VM_ParallelGCFailedAllocation::doit()+0x97
V  [libjvm.so+0x9abf35]  VM_Operation::evaluate()+0x55
V  [libjvm.so+0x9aa2fa]  VMThread::evaluate_operation(VM_Operation*)+0xba
V  [libjvm.so+0x9aa67e]  VMThread::loop()+0x1ce
V  [libjvm.so+0x9aaaf0]  VMThread::run()+0x70
V  [libjvm.so+0x8238c8]  java_start(Thread*)+0x108

VM_Operation (0x00007fbb7e6d5f70): ParallelGCFailedAllocation, mode: safepoint, requested by thread 0x00007fbb7800a000


---------------  P R O C E S S  ---------------

Java Threads: ( => current thread )
  0x00007fbb7815e800 JavaThread "pool-2-thread-4" [_thread_blocked, id=15730, stack(0x00007fbb4f37d000,0x00007fbb4f47e000)]
  0x00007fbb7815d000 JavaThread "pool-2-thread-3" [_thread_blocked, id=15729, stack(0x00007fbb4f47e000,0x00007fbb4f57f000)]
  0x00007fbb7815b800 JavaThread "pool-2-thread-2" [_thread_blocked, id=15728, stack(0x00007fbb4f57f000,0x00007fbb4f680000)]
  0x00007fbb7815a800 JavaThread "pool-3-thread-1" [_thread_blocked, id=15727, stack(0x00007fbb4f680000,0x00007fbb4f781000)]
  0x00007fbb7814b000 JavaThread "pool-2-thread-1" [_thread_blocked, id=15724, stack(0x00007fbb4f781000,0x00007fbb4f882000)]
  0x00007fbb7809a000 JavaThread "Service Thread" daemon [_thread_blocked, id=15720, stack(0x00007fbb4fdfe000,0x00007fbb4feff000)]
  0x00007fbb78097800 JavaThread "C2 CompilerThread1" daemon [_thread_blocked, id=15718, stack(0x00007fbb4feff000,0x00007fbb50000000)]
  0x00007fbb78094800 JavaThread "C2 CompilerThread0" daemon [_thread_blocked, id=15716, stack(0x00007fbb6c041000,0x00007fbb6c142000)]
  0x00007fbb78092800 JavaThread "Signal Dispatcher" daemon [_thread_blocked, id=15714, stack(0x00007fbb6c142000,0x00007fbb6c243000)]
  0x00007fbb78070800 JavaThread "Finalizer" daemon [_thread_blocked, id=15713, stack(0x00007fbb6c67b000,0x00007fbb6c77c000)]
  0x00007fbb7806e800 JavaThread "Reference Handler" daemon [_thread_blocked, id=15711, stack(0x00007fbb6c77c000,0x00007fbb6c87d000)]
  0x00007fbb7800a000 JavaThread "main" [_thread_blocked, id=15699, stack(0x00007fbb7e5d7000,0x00007fbb7e6d8000)]

Other Threads:
=>0x00007fbb7806a000 VMThread [stack: 0x00007fbb6c87d000,0x00007fbb6c97e000] [id=15709]
  0x00007fbb780a4800 WatcherThread [stack: 0x00007fbb4fcfd000,0x00007fbb4fdfe000] [id=15723]

VM state:at safepoint (normal execution)

VM Mutex/Monitor currently owned by a thread:  ([mutex/lock_event])
[0x00007fbb78006660] Threads_lock - owner thread: 0x00007fbb7806a000
[0x00007fbb78006b60] Heap_lock - owner thread: 0x00007fbb7800a000

Heap
 PSYoungGen      total 144896K, used 20452K [0x00000000eaa80000, 0x00000000f4e80000, 0x0000000100000000)
  eden space 124416K, 0% used [0x00000000eaa80000,0x00000000eaa80000,0x00000000f2400000)
  from space 20480K, 99% used [0x00000000f2400000,0x00000000f37f9310,0x00000000f3800000)
  to   space 17920K, 0% used [0x00000000f3800000,0x00000000f3800000,0x00000000f4980000)
 ParOldGen       total 83456K, used 33817K [0x00000000c0000000, 0x00000000c5180000, 0x00000000eaa80000)
  object space 83456K, 40% used [0x00000000c0000000,0x00000000c2106590,0x00000000c5180000)
 PSPermGen       total 21504K, used 6040K [0x00000000bae00000, 0x00000000bc300000, 0x00000000c0000000)
  object space 21504K, 28% used [0x00000000bae00000,0x00000000bb3e62d0,0x00000000bc300000)

Card table byte_map: [0x00007fbb7458c000,0x00007fbb747b6000] byte_map_base: 0x00007fbb73fb5000

Polling page: 0x00007fbb7e6fd000

Code Cache  [0x00007fbb747b6000, 0x00007fbb74a56000, 0x00007fbb777b6000)
 total_blobs=908 nmethods=678 adapters=183 free_code_cache=46561Kb largest_free_block=47632064

Compilation events (10 events):
Event: 12,486 Thread 0x00007fbb78094800 nmethod 693 0x00007fbb74a32810 code [0x00007fbb74a32980, 0x00007fbb74a32cd8]
Event: 12,486 Thread 0x00007fbb78094800  694             com.android.dx.ssa.SsaRenamer::equalsHandlesNulls (23 bytes)
Event: 12,489 Thread 0x00007fbb78094800 nmethod 694 0x00007fbb74a31f90 code [0x00007fbb74a32100, 0x00007fbb74a32458]
Event: 12,489 Thread 0x00007fbb78094800  695             com.android.dx.cf.code.ByteCatchList::toTargetList (114 bytes)
Event: 12,504 Thread 0x00007fbb78094800 nmethod 695 0x00007fbb74a38650 code [0x00007fbb74a38820, 0x00007fbb74a39418]
Event: 12,504 Thread 0x00007fbb78094800  696             com.android.dx.rop.type.StdTypeList::<init> (6 bytes)
Event: 12,506 Thread 0x00007fbb78094800 nmethod 696 0x00007fbb74a31c10 code [0x00007fbb74a31d60, 0x00007fbb74a31e98]
Event: 12,506 Thread 0x00007fbb78094800  697             com.android.dx.cf.code.LocalVariableList$Item::getType (11 bytes)
Event: 12,522 Thread 0x00007fbb78094800 nmethod 697 0x00007fbb74a2eed0 code [0x00007fbb74a2f120, 0x00007fbb74a30180]
Event: 12,522 Thread 0x00007fbb78094800  698   !         com.android.dx.cf.direct.AttributeListParser::parse (323 bytes)

GC Heap History (10 events):
Event: 2,898 GC heap after
Heap after GC invocations=2 (full 0):
 PSYoungGen      total 36864K, used 5097K [0x00000000eaa80000, 0x00000000ef280000, 0x0000000100000000)
  eden space 31744K, 0% used [0x00000000eaa80000,0x00000000eaa80000,0x00000000ec980000)
  from space 5120K, 99% used [0x00000000ece80000,0x00000000ed37a7d8,0x00000000ed380000)
  to   space 5120K, 0% used [0x00000000ec980000,0x00000000ec980000,0x00000000ece80000)
 ParOldGen       total 83456K, used 340K [0x00000000c0000000, 0x00000000c5180000, 0x00000000eaa80000)
  object space 83456K, 0% used [0x00000000c0000000,0x00000000c00553f8,0x00000000c5180000)
 PSPermGen       total 21504K, used 5659K [0x00000000bae00000, 0x00000000bc300000, 0x00000000c0000000)
  object space 21504K, 26% used [0x00000000bae00000,0x00000000bb386c60,0x00000000bc300000)
}
Event: 3,928 GC heap before
{Heap before GC invocations=3 (full 0):
 PSYoungGen      total 36864K, used 36841K [0x00000000eaa80000, 0x00000000ef280000, 0x0000000100000000)
  eden space 31744K, 100% used [0x00000000eaa80000,0x00000000ec980000,0x00000000ec980000)
  from space 5120K, 99% used [0x00000000ece80000,0x00000000ed37a7d8,0x00000000ed380000)
  to   space 5120K, 0% used [0x00000000ec980000,0x00000000ec980000,0x00000000ece80000)
 ParOldGen       total 83456K, used 340K [0x00000000c0000000, 0x00000000c5180000, 0x00000000eaa80000)
  object space 83456K, 0% used [0x00000000c0000000,0x00000000c00553f8,0x00000000c5180000)
 PSPermGen       total 21504K, used 5831K [0x00000000bae00000, 0x00000000bc300000, 0x00000000c0000000)
  object space 21504K, 27% used [0x00000000bae00000,0x00000000bb3b1f40,0x00000000bc300000)
Event: 3,968 GC heap after
Heap after GC invocations=3 (full 0):
 PSYoungGen      total 36864K, used 5100K [0x00000000eaa80000, 0x00000000ef280000, 0x0000000100000000)
  eden space 31744K, 0% used [0x00000000eaa80000,0x00000000eaa80000,0x00000000ec980000)
  from space 5120K, 99% used [0x00000000ec980000,0x00000000ece7b030,0x00000000ece80000)
  to   space 5120K, 0% used [0x00000000eed80000,0x00000000eed80000,0x00000000ef280000)
 ParOldGen       total 83456K, used 3070K [0x00000000c0000000, 0x00000000c5180000, 0x00000000eaa80000)
  object space 83456K, 3% used [0x00000000c0000000,0x00000000c02ff890,0x00000000c5180000)
 PSPermGen       total 21504K, used 5831K [0x00000000bae00000, 0x00000000bc300000, 0x00000000c0000000)
  object space 21504K, 27% used [0x00000000bae00000,0x00000000bb3b1f40,0x00000000bc300000)
}
Event: 4,983 GC heap before
{Heap before GC invocations=4 (full 0):
 PSYoungGen      total 36864K, used 36844K [0x00000000eaa80000, 0x00000000ef280000, 0x0000000100000000)
  eden space 31744K, 100% used [0x00000000eaa80000,0x00000000ec980000,0x00000000ec980000)
  from space 5120K, 99% used [0x00000000ec980000,0x00000000ece7b030,0x00000000ece80000)
  to   space 5120K, 0% used [0x00000000eed80000,0x00000000eed80000,0x00000000ef280000)
 ParOldGen       total 83456K, used 3070K [0x00000000c0000000, 0x00000000c5180000, 0x00000000eaa80000)
  object space 83456K, 3% used [0x00000000c0000000,0x00000000c02ff890,0x00000000c5180000)
 PSPermGen       total 21504K, used 5880K [0x00000000bae00000, 0x00000000bc300000, 0x00000000c0000000)
  object space 21504K, 27% used [0x00000000bae00000,0x00000000bb3be2a0,0x00000000bc300000)
Event: 5,006 GC heap after
Heap after GC invocations=4 (full 0):
 PSYoungGen      total 68608K, used 5110K [0x00000000eaa80000, 0x00000000ef280000, 0x0000000100000000)
  eden space 63488K, 0% used [0x00000000eaa80000,0x00000000eaa80000,0x00000000ee880000)
  from space 5120K, 99% used [0x00000000eed80000,0x00000000ef27dbd8,0x00000000ef280000)
  to   space 5120K, 0% used [0x00000000ee880000,0x00000000ee880000,0x00000000eed80000)
 ParOldGen       total 83456K, used 8896K [0x00000000c0000000, 0x00000000c5180000, 0x00000000eaa80000)
  object space 83456K, 10% used [0x00000000c0000000,0x00000000c08b0170,0x00000000c5180000)
 PSPermGen       total 21504K, used 5880K [0x00000000bae00000, 0x00000000bc300000, 0x00000000c0000000)
  object space 21504K, 27% used [0x00000000bae00000,0x00000000bb3be2a0,0x00000000bc300000)
}
Event: 6,835 GC heap before
{Heap before GC invocations=5 (full 0):
 PSYoungGen      total 68608K, used 68598K [0x00000000eaa80000, 0x00000000ef280000, 0x0000000100000000)
  eden space 63488K, 100% used [0x00000000eaa80000,0x00000000ee880000,0x00000000ee880000)
  from space 5120K, 99% used [0x00000000eed80000,0x00000000ef27dbd8,0x00000000ef280000)
  to   space 5120K, 0% used [0x00000000ee880000,0x00000000ee880000,0x00000000eed80000)
 ParOldGen       total 83456K, used 8896K [0x00000000c0000000, 0x00000000c5180000, 0x00000000eaa80000)
  object space 83456K, 10% used [0x00000000c0000000,0x00000000c08b0170,0x00000000c5180000)
 PSPermGen       total 21504K, used 5934K [0x00000000bae00000, 0x00000000bc300000, 0x00000000c0000000)
  object space 21504K, 27% used [0x00000000bae00000,0x00000000bb3cb870,0x00000000bc300000)
Event: 6,867 GC heap after
Heap after GC invocations=5 (full 0):
 PSYoungGen      total 68608K, used 5093K [0x00000000eaa80000, 0x00000000f4980000, 0x0000000100000000)
  eden space 63488K, 0% used [0x00000000eaa80000,0x00000000eaa80000,0x00000000ee880000)
  from space 5120K, 99% used [0x00000000ee880000,0x00000000eed79760,0x00000000eed80000)
  to   space 17920K, 0% used [0x00000000f3800000,0x00000000f3800000,0x00000000f4980000)
 ParOldGen       total 83456K, used 18378K [0x00000000c0000000, 0x00000000c5180000, 0x00000000eaa80000)
  object space 83456K, 22% used [0x00000000c0000000,0x00000000c11f2a38,0x00000000c5180000)
 PSPermGen       total 21504K, used 5934K [0x00000000bae00000, 0x00000000bc300000, 0x00000000c0000000)
  object space 21504K, 27% used [0x00000000bae00000,0x00000000bb3cb870,0x00000000bc300000)
}
Event: 8,864 GC heap before
{Heap before GC invocations=6 (full 0):
 PSYoungGen      total 68608K, used 68581K [0x00000000eaa80000, 0x00000000f4980000, 0x0000000100000000)
  eden space 63488K, 100% used [0x00000000eaa80000,0x00000000ee880000,0x00000000ee880000)
  from space 5120K, 99% used [0x00000000ee880000,0x00000000eed79760,0x00000000eed80000)
  to   space 17920K, 0% used [0x00000000f3800000,0x00000000f3800000,0x00000000f4980000)
 ParOldGen       total 83456K, used 18378K [0x00000000c0000000, 0x00000000c5180000, 0x00000000eaa80000)
  object space 83456K, 22% used [0x00000000c0000000,0x00000000c11f2a38,0x00000000c5180000)
 PSPermGen       total 21504K, used 5964K [0x00000000bae00000, 0x00000000bc300000, 0x00000000c0000000)
  object space 21504K, 27% used [0x00000000bae00000,0x00000000bb3d33b0,0x00000000bc300000)
Event: 8,903 GC heap after
Heap after GC invocations=6 (full 0):
 PSYoungGen      total 142336K, used 15526K [0x00000000eaa80000, 0x00000000f4e80000, 0x0000000100000000)
  eden space 124416K, 0% used [0x00000000eaa80000,0x00000000eaa80000,0x00000000f2400000)
  from space 17920K, 86% used [0x00000000f3800000,0x00000000f4729be8,0x00000000f4980000)
  to   space 20480K, 0% used [0x00000000f2400000,0x00000000f2400000,0x00000000f3800000)
 ParOldGen       total 83456K, used 18378K [0x00000000c0000000, 0x00000000c5180000, 0x00000000eaa80000)
  object space 83456K, 22% used [0x00000000c0000000,0x00000000c11f2a38,0x00000000c5180000)
 PSPermGen       total 21504K, used 5964K [0x00000000bae00000, 0x00000000bc300000, 0x00000000c0000000)
  object space 21504K, 27% used [0x00000000bae00000,0x00000000bb3d33b0,0x00000000bc300000)
}
Event: 12,651 GC heap before
{Heap before GC invocations=7 (full 0):
 PSYoungGen      total 142336K, used 139942K [0x00000000eaa80000, 0x00000000f4e80000, 0x0000000100000000)
  eden space 124416K, 100% used [0x00000000eaa80000,0x00000000f2400000,0x00000000f2400000)
  from space 17920K, 86% used [0x00000000f3800000,0x00000000f4729be8,0x00000000f4980000)
  to   space 20480K, 0% used [0x00000000f2400000,0x00000000f2400000,0x00000000f3800000)
 ParOldGen       total 83456K, used 18378K [0x00000000c0000000, 0x00000000c5180000, 0x00000000eaa80000)
  object space 83456K, 22% used [0x00000000c0000000,0x00000000c11f2a38,0x00000000c5180000)
 PSPermGen       total 21504K, used 6040K [0x00000000bae00000, 0x00000000bc300000, 0x00000000c0000000)
  object space 21504K, 28% used [0x00000000bae00000,0x00000000bb3e62d0,0x00000000bc300000)

Deoptimization events (10 events):
Event: 9,929 Thread 0x00007fbb7815e800 Uncommon trap: reason=unstable_if action=reinterpret pc=0x00007fbb7491f77c method=com.android.dx.rop.code.LocalItem.compareHandlesNulls(Lcom/android/dx/rop/cst/CstString;Lcom/android/dx/rop/cst/CstString;)I @ 14
Event: 9,933 Thread 0x00007fbb7815e800 Uncommon trap: reason=unstable_if action=reinterpret pc=0x00007fbb7483a224 method=com.android.dx.rop.code.LocalItem.compareHandlesNulls(Lcom/android/dx/rop/cst/CstString;Lcom/android/dx/rop/cst/CstString;)I @ 14
Event: 9,956 Thread 0x00007fbb7815b800 Uncommon trap: reason=unstable_if action=reinterpret pc=0x00007fbb748b2ba4 method=com.android.dx.rop.code.LocalItem.compareHandlesNulls(Lcom/android/dx/rop/cst/CstString;Lcom/android/dx/rop/cst/CstString;)I @ 14
Event: 10,318 Thread 0x00007fbb7815e800 Uncommon trap: reason=unstable_if action=reinterpret pc=0x00007fbb74939f28 method=com.android.dx.ssa.InterferenceRegisterMapper.interferes(III)Z @ 69
Event: 10,368 Thread 0x00007fbb7815b800 Uncommon trap: reason=class_check action=maybe_recompile pc=0x00007fbb7497aca4 method=com.android.dx.ssa.SCCP.replaceConstants()V @ 127
Event: 11,981 Thread 0x00007fbb7815e800 Uncommon trap: reason=unstable_if action=reinterpret pc=0x00007fbb7492cc9c method=com.android.dx.rop.code.RegisterSpecSet.<init>(I)V @ 2
Event: 11,988 Thread 0x00007fbb7815e800 Uncommon trap: reason=unstable_if action=reinterpret pc=0x00007fbb749748f8 method=com.android.dx.ssa.LocalVariableExtractor.doit()Lcom/android/dx/ssa/LocalVariableInfo; @ 7
Event: 11,988 Thread 0x00007fbb7815e800 Uncommon trap: reason=unstable_if action=reinterpret pc=0x00007fbb748cb2b4 method=com.android.dx.rop.code.RegisterSpecSet.<init>(I)V @ 2
Event: 12,069 Thread 0x00007fbb7815b800 Uncommon trap: reason=unstable_if action=reinterpret pc=0x00007fbb749e6024 method=com.android.dx.rop.code.RegisterSpecSet.<init>(I)V @ 2
Event: 12,076 Thread 0x00007fbb7815e800 Uncommon trap: reason=unstable_if action=reinterpret pc=0x00007fbb74a0b328 method=com.android.dx.rop.code.RegisterSpecSet.<init>(I)V @ 2

Internal exceptions (10 events):
Event: 3,787 Thread 0x00007fbb7800a000 Implicit null exception at 0x00007fbb7484b3af to 0x00007fbb7484be05
Event: 3,908 Thread 0x00007fbb7815e800 Implicit null exception at 0x00007fbb748507e7 to 0x00007fbb74851ced
Event: 4,768 Thread 0x00007fbb7815e800 Threw 0x00000000ec1da4f8 at /HUDSON/workspace/7u-2-build-linux-amd64/jdk7u80/2329/hotspot/src/share/vm/prims/jvm.cpp:1319
Event: 5,946 Thread 0x00007fbb7814b000 Threw 0x00000000ec988060 at /HUDSON/workspace/7u-2-build-linux-amd64/jdk7u80/2329/hotspot/src/share/vm/prims/jvm.cpp:1319
Event: 6,942 Thread 0x00007fbb7815e800 Implicit null exception at 0x00007fbb748e5681 to 0x00007fbb748e8d6d
Event: 7,641 Thread 0x00007fbb7800a000 Implicit null exception at 0x00007fbb748522d7 to 0x00007fbb7485298d
Event: 8,391 Thread 0x00007fbb7800a000 Threw 0x00000000ed2852b8 at /HUDSON/workspace/7u-2-build-linux-amd64/jdk7u80/2329/hotspot/src/share/vm/prims/jvm.cpp:1319
Event: 9,929 Thread 0x00007fbb7815e800 Implicit null exception at 0x00007fbb7491e7c7 to 0x00007fbb7491f75d
Event: 9,933 Thread 0x00007fbb7815e800 Implicit null exception at 0x00007fbb7483a086 to 0x00007fbb7483a211
Event: 9,956 Thread 0x00007fbb7815b800 Implicit null exception at 0x00007fbb748b2a7c to 0x00007fbb748b2b91

Events (10 events):
Event: 11,988 Thread 0x00007fbb7815e800 Uncommon trap: trap_request=0xffffff75 fr.pc=0x00007fbb748cb2b4
Event: 11,988 Thread 0x00007fbb7815e800 DEOPT PACKING pc=0x00007fbb748cb2b4 sp=0x00007fbb4f47c170
Event: 11,988 Thread 0x00007fbb7815e800 DEOPT UNPACKING pc=0x00007fbb747ef445 sp=0x00007fbb4f47c038 mode 2
Event: 12,069 Thread 0x00007fbb7815b800 Uncommon trap: trap_request=0xffffff75 fr.pc=0x00007fbb749e6024
Event: 12,069 Thread 0x00007fbb7815b800 DEOPT PACKING pc=0x00007fbb749e6024 sp=0x00007fbb4f67e1b0
Event: 12,069 Thread 0x00007fbb7815b800 DEOPT UNPACKING pc=0x00007fbb747ef445 sp=0x00007fbb4f67e120 mode 2
Event: 12,076 Thread 0x00007fbb7815e800 Uncommon trap: trap_request=0xffffff75 fr.pc=0x00007fbb74a0b328
Event: 12,076 Thread 0x00007fbb7815e800 DEOPT PACKING pc=0x00007fbb74a0b328 sp=0x00007fbb4f47c050
Event: 12,076 Thread 0x00007fbb7815e800 DEOPT UNPACKING pc=0x00007fbb747ef445 sp=0x00007fbb4f47bfa8 mode 2
Event: 12,546 Executing VM operation: ParallelGCFailedAllocation


Dynamic libraries:
00400000-00401000 r-xp 00000000 08:07 24565                              /usr/lib/jvm/java-7-oracle/bin/java
00600000-00601000 rw-p 00000000 08:07 24565                              /usr/lib/jvm/java-7-oracle/bin/java
01b3e000-01b5f000 rw-p 00000000 00:00 0                                  [heap]
bae00000-bc300000 rw-p 00000000 00:00 0 
bc300000-c0000000 rw-p 00000000 00:00 0 
c0000000-c5180000 rw-p 00000000 00:00 0 
c5180000-eaa80000 rw-p 00000000 00:00 0 
eaa80000-f4e80000 rw-p 00000000 00:00 0 
fdc80000-100000000 rw-p 00000000 00:00 0 
7fbb24000000-7fbb24021000 rw-p 00000000 00:00 0 
7fbb24021000-7fbb28000000 ---p 00000000 00:00 0 
7fbb2c000000-7fbb2c021000 rw-p 00000000 00:00 0 
7fbb2c021000-7fbb30000000 ---p 00000000 00:00 0 
7fbb30000000-7fbb3002b000 rw-p 00000000 00:00 0 
7fbb3002b000-7fbb34000000 ---p 00000000 00:00 0 
7fbb34000000-7fbb34037000 rw-p 00000000 00:00 0 
7fbb34037000-7fbb38000000 ---p 00000000 00:00 0 
7fbb38000000-7fbb38021000 rw-p 00000000 00:00 0 
7fbb38021000-7fbb3c000000 ---p 00000000 00:00 0 
7fbb3c000000-7fbb3c021000 rw-p 00000000 00:00 0 
7fbb3c021000-7fbb40000000 ---p 00000000 00:00 0 
7fbb40000000-7fbb40021000 rw-p 00000000 00:00 0 
7fbb40021000-7fbb44000000 ---p 00000000 00:00 0 
7fbb44000000-7fbb45708000 rw-p 00000000 00:00 0 
7fbb45708000-7fbb48000000 ---p 00000000 00:00 0 
7fbb48000000-7fbb49bfe000 rw-p 00000000 00:00 0 
7fbb49bfe000-7fbb4c000000 ---p 00000000 00:00 0 
7fbb4f37d000-7fbb4f380000 ---p 00000000 00:00 0 
7fbb4f380000-7fbb4f47e000 rw-p 00000000 00:00 0                          [stack:15730]
7fbb4f47e000-7fbb4f481000 ---p 00000000 00:00 0 
7fbb4f481000-7fbb4f57f000 rw-p 00000000 00:00 0                          [stack:15729]
7fbb4f57f000-7fbb4f582000 ---p 00000000 00:00 0 
7fbb4f582000-7fbb4f680000 rw-p 00000000 00:00 0                          [stack:15728]
7fbb4f680000-7fbb4f683000 ---p 00000000 00:00 0 
7fbb4f683000-7fbb4f781000 rw-p 00000000 00:00 0                          [stack:15727]
7fbb4f781000-7fbb4f784000 ---p 00000000 00:00 0 
7fbb4f784000-7fbb4f882000 rw-p 00000000 00:00 0                          [stack:15724]
7fbb4f882000-7fbb4f899000 r-xp 00000000 08:07 9753                       /usr/lib/jvm/java-7-oracle/jre/lib/amd64/libnet.so
7fbb4f899000-7fbb4fa98000 ---p 00017000 08:07 9753                       /usr/lib/jvm/java-7-oracle/jre/lib/amd64/libnet.so
7fbb4fa98000-7fbb4fa99000 rw-p 00016000 08:07 9753                       /usr/lib/jvm/java-7-oracle/jre/lib/amd64/libnet.so
7fbb4fa99000-7fbb4faa9000 r-xp 00000000 08:07 9761                       /usr/lib/jvm/java-7-oracle/jre/lib/amd64/libnio.so
7fbb4faa9000-7fbb4fca9000 ---p 00010000 08:07 9761                       /usr/lib/jvm/java-7-oracle/jre/lib/amd64/libnio.so
7fbb4fca9000-7fbb4fcaa000 rw-p 00010000 08:07 9761                       /usr/lib/jvm/java-7-oracle/jre/lib/amd64/libnio.so
7fbb4fcaa000-7fbb4fcfd000 r--s 003d6000 08:07 696872                     /home/mtomoskozi/SugarApp/app/build/intermediates/transforms/instantRunSlicer/debug/jars/1/1a/dependencies.jar
7fbb4fcfd000-7fbb4fcfe000 ---p 00000000 00:00 0 
7fbb4fcfe000-7fbb4fdfe000 rw-p 00000000 00:00 0                          [stack:15723]
7fbb4fdfe000-7fbb4fe01000 ---p 00000000 00:00 0 
7fbb4fe01000-7fbb4feff000 rw-p 00000000 00:00 0                          [stack:15720]
7fbb4feff000-7fbb4ff02000 ---p 00000000 00:00 0 
7fbb4ff02000-7fbb50000000 rw-p 00000000 00:00 0                          [stack:15718]
7fbb50000000-7fbb50021000 rw-p 00000000 00:00 0 
7fbb50021000-7fbb54000000 ---p 00000000 00:00 0 
7fbb54000000-7fbb54021000 rw-p 00000000 00:00 0 
7fbb54021000-7fbb58000000 ---p 00000000 00:00 0 
7fbb58000000-7fbb5824f000 rw-p 00000000 00:00 0 
7fbb5824f000-7fbb5c000000 ---p 00000000 00:00 0 
7fbb5c000000-7fbb5c021000 rw-p 00000000 00:00 0 
7fbb5c021000-7fbb60000000 ---p 00000000 00:00 0 
7fbb60000000-7fbb60021000 rw-p 00000000 00:00 0 
7fbb60021000-7fbb64000000 ---p 00000000 00:00 0 
7fbb64000000-7fbb64021000 rw-p 00000000 00:00 0 
7fbb64021000-7fbb68000000 ---p 00000000 00:00 0 
7fbb68000000-7fbb68021000 rw-p 00000000 00:00 0 
7fbb68021000-7fbb6c000000 ---p 00000000 00:00 0 
7fbb6c010000-7fbb6c041000 rw-p 00000000 00:00 0 
7fbb6c041000-7fbb6c044000 ---p 00000000 00:00 0 
7fbb6c044000-7fbb6c142000 rw-p 00000000 00:00 0                          [stack:15716]
7fbb6c142000-7fbb6c145000 ---p 00000000 00:00 0 
7fbb6c145000-7fbb6c243000 rw-p 00000000 00:00 0                          [stack:15714]
7fbb6c243000-7fbb6c67b000 r--p 00000000 08:07 8595                       /usr/lib/locale/locale-archive
7fbb6c67b000-7fbb6c67e000 ---p 00000000 00:00 0 
7fbb6c67e000-7fbb6c77c000 rw-p 00000000 00:00 0                          [stack:15713]
7fbb6c77c000-7fbb6c77f000 ---p 00000000 00:00 0 
7fbb6c77f000-7fbb6c87d000 rw-p 00000000 00:00 0                          [stack:15711]
7fbb6c87d000-7fbb6c87e000 ---p 00000000 00:00 0 
7fbb6c87e000-7fbb6d911000 rw-p 00000000 00:00 0                          [stack:15709]
7fbb6d911000-7fbb6dad1000 r--s 039fb000 08:07 10169                      /usr/lib/jvm/java-7-oracle/jre/lib/rt.jar
7fbb6dad1000-7fbb70000000 rw-p 00000000 00:00 0 
7fbb70000000-7fbb70021000 rw-p 00000000 00:00 0 
7fbb70021000-7fbb74000000 ---p 00000000 00:00 0 
7fbb74011000-7fbb74032000 rw-p 00000000 00:00 0 
7fbb74032000-7fbb74033000 ---p 00000000 00:00 0 
7fbb74033000-7fbb74133000 rw-p 00000000 00:00 0                          [stack:15707]
7fbb74133000-7fbb74134000 ---p 00000000 00:00 0 
7fbb74134000-7fbb74234000 rw-p 00000000 00:00 0                          [stack:15706]
7fbb74234000-7fbb74235000 ---p 00000000 00:00 0 
7fbb74235000-7fbb74335000 rw-p 00000000 00:00 0                          [stack:15704]
7fbb74335000-7fbb74336000 ---p 00000000 00:00 0 
7fbb74336000-7fbb7445f000 rw-p 00000000 00:00 0                          [stack:15701]
7fbb7445f000-7fbb7458c000 rw-p 00000000 00:00 0 
7fbb7458c000-7fbb74597000 rw-p 00000000 00:00 0 
7fbb74597000-7fbb745b5000 rw-p 00000000 00:00 0 
7fbb745b5000-7fbb745de000 rw-p 00000000 00:00 0 
7fbb745de000-7fbb7470a000 rw-p 00000000 00:00 0 
7fbb7470a000-7fbb7475d000 rw-p 00000000 00:00 0 
7fbb7475d000-7fbb747b5000 rw-p 00000000 00:00 0 
7fbb747b5000-7fbb747b6000 rw-p 00000000 00:00 0 
7fbb747b6000-7fbb74a56000 rwxp 00000000 00:00 0 
7fbb74a56000-7fbb777b6000 rw-p 00000000 00:00 0 
7fbb777b6000-7fbb777cd000 r-xp 00000000 08:07 10073                      /usr/lib/jvm/java-7-oracle/jre/lib/amd64/libzip.so
7fbb777cd000-7fbb779cd000 ---p 00017000 08:07 10073                      /usr/lib/jvm/java-7-oracle/jre/lib/amd64/libzip.so
7fbb779cd000-7fbb779ce000 rw-p 00017000 08:07 10073                      /usr/lib/jvm/java-7-oracle/jre/lib/amd64/libzip.so
7fbb779ce000-7fbb779d9000 r-xp 00000000 08:07 914557                     /lib/x86_64-linux-gnu/libnss_files-2.19.so
7fbb779d9000-7fbb77bd8000 ---p 0000b000 08:07 914557                     /lib/x86_64-linux-gnu/libnss_files-2.19.so
7fbb77bd8000-7fbb77bd9000 r--p 0000a000 08:07 914557                     /lib/x86_64-linux-gnu/libnss_files-2.19.so
7fbb77bd9000-7fbb77bda000 rw-p 0000b000 08:07 914557                     /lib/x86_64-linux-gnu/libnss_files-2.19.so
7fbb77bda000-7fbb77be5000 r-xp 00000000 08:07 914541                     /lib/x86_64-linux-gnu/libnss_nis-2.19.so
7fbb77be5000-7fbb77de4000 ---p 0000b000 08:07 914541                     /lib/x86_64-linux-gnu/libnss_nis-2.19.so
7fbb77de4000-7fbb77de5000 r--p 0000a000 08:07 914541                     /lib/x86_64-linux-gnu/libnss_nis-2.19.so
7fbb77de5000-7fbb77de6000 rw-p 0000b000 08:07 914541                     /lib/x86_64-linux-gnu/libnss_nis-2.19.so
7fbb77de6000-7fbb77dfd000 r-xp 00000000 08:07 914533                     /lib/x86_64-linux-gnu/libnsl-2.19.so
7fbb77dfd000-7fbb77ffc000 ---p 00017000 08:07 914533                     /lib/x86_64-linux-gnu/libnsl-2.19.so
7fbb77ffc000-7fbb77ffd000 r--p 00016000 08:07 914533                     /lib/x86_64-linux-gnu/libnsl-2.19.so
7fbb77ffd000-7fbb77ffe000 rw-p 00017000 08:07 914533                     /lib/x86_64-linux-gnu/libnsl-2.19.so
7fbb77ffe000-7fbb78000000 rw-p 00000000 00:00 0 
7fbb78000000-7fbb78198000 rw-p 00000000 00:00 0 
7fbb78198000-7fbb7c000000 ---p 00000000 00:00 0 
7fbb7c020000-7fbb7c0f9000 rw-p 00000000 00:00 0 
7fbb7c0f9000-7fbb7c117000 rw-p 00000000 00:00 0 
7fbb7c117000-7fbb7c120000 r-xp 00000000 08:07 914531                     /lib/x86_64-linux-gnu/libnss_compat-2.19.so
7fbb7c120000-7fbb7c31f000 ---p 00009000 08:07 914531                     /lib/x86_64-linux-gnu/libnss_compat-2.19.so
7fbb7c31f000-7fbb7c320000 r--p 00008000 08:07 914531                     /lib/x86_64-linux-gnu/libnss_compat-2.19.so
7fbb7c320000-7fbb7c321000 rw-p 00009000 08:07 914531                     /lib/x86_64-linux-gnu/libnss_compat-2.19.so
7fbb7c321000-7fbb7c34a000 r-xp 00000000 08:07 9894                       /usr/lib/jvm/java-7-oracle/jre/lib/amd64/libjava.so
7fbb7c34a000-7fbb7c54a000 ---p 00029000 08:07 9894                       /usr/lib/jvm/java-7-oracle/jre/lib/amd64/libjava.so
7fbb7c54a000-7fbb7c54c000 rw-p 00029000 08:07 9894                       /usr/lib/jvm/java-7-oracle/jre/lib/amd64/libjava.so
7fbb7c54c000-7fbb7c559000 r-xp 00000000 08:07 9893                       /usr/lib/jvm/java-7-oracle/jre/lib/amd64/libverify.so
7fbb7c559000-7fbb7c758000 ---p 0000d000 08:07 9893                       /usr/lib/jvm/java-7-oracle/jre/lib/amd64/libverify.so
7fbb7c758000-7fbb7c75a000 rw-p 0000c000 08:07 9893                       /usr/lib/jvm/java-7-oracle/jre/lib/amd64/libverify.so
7fbb7c75a000-7fbb7c761000 r-xp 00000000 08:07 914549                     /lib/x86_64-linux-gnu/librt-2.19.so
7fbb7c761000-7fbb7c960000 ---p 00007000 08:07 914549                     /lib/x86_64-linux-gnu/librt-2.19.so
7fbb7c960000-7fbb7c961000 r--p 00006000 08:07 914549                     /lib/x86_64-linux-gnu/librt-2.19.so
7fbb7c961000-7fbb7c962000 rw-p 00007000 08:07 914549                     /lib/x86_64-linux-gnu/librt-2.19.so
7fbb7c962000-7fbb7ca67000 r-xp 00000000 08:07 914521                     /lib/x86_64-linux-gnu/libm-2.19.so
7fbb7ca67000-7fbb7cc66000 ---p 00105000 08:07 914521                     /lib/x86_64-linux-gnu/libm-2.19.so
7fbb7cc66000-7fbb7cc67000 r--p 00104000 08:07 914521                     /lib/x86_64-linux-gnu/libm-2.19.so
7fbb7cc67000-7fbb7cc68000 rw-p 00105000 08:07 914521                     /lib/x86_64-linux-gnu/libm-2.19.so
7fbb7cc68000-7fbb7d7de000 r-xp 00000000 08:07 10000                      /usr/lib/jvm/java-7-oracle/jre/lib/amd64/server/libjvm.so
7fbb7d7de000-7fbb7d9dd000 ---p 00b76000 08:07 10000                      /usr/lib/jvm/java-7-oracle/jre/lib/amd64/server/libjvm.so
7fbb7d9dd000-7fbb7daa1000 rw-p 00b75000 08:07 10000                      /usr/lib/jvm/java-7-oracle/jre/lib/amd64/server/libjvm.so
7fbb7daa1000-7fbb7dae2000 rw-p 00000000 00:00 0 
7fbb7dae2000-7fbb7dc9d000 r-xp 00000000 08:07 914551                     /lib/x86_64-linux-gnu/libc-2.19.so
7fbb7dc9d000-7fbb7de9c000 ---p 001bb000 08:07 914551                     /lib/x86_64-linux-gnu/libc-2.19.so
7fbb7de9c000-7fbb7dea0000 r--p 001ba000 08:07 914551                     /lib/x86_64-linux-gnu/libc-2.19.so
7fbb7dea0000-7fbb7dea2000 rw-p 001be000 08:07 914551                     /lib/x86_64-linux-gnu/libc-2.19.so
7fbb7dea2000-7fbb7dea7000 rw-p 00000000 00:00 0 
7fbb7dea7000-7fbb7deaa000 r-xp 00000000 08:07 914525                     /lib/x86_64-linux-gnu/libdl-2.19.so
7fbb7deaa000-7fbb7e0a9000 ---p 00003000 08:07 914525                     /lib/x86_64-linux-gnu/libdl-2.19.so
7fbb7e0a9000-7fbb7e0aa000 r--p 00002000 08:07 914525                     /lib/x86_64-linux-gnu/libdl-2.19.so
7fbb7e0aa000-7fbb7e0ab000 rw-p 00003000 08:07 914525                     /lib/x86_64-linux-gnu/libdl-2.19.so
7fbb7e0ab000-7fbb7e0c0000 r-xp 00000000 08:07 24525                      /usr/lib/jvm/java-7-oracle/lib/amd64/jli/libjli.so
7fbb7e0c0000-7fbb7e2bf000 ---p 00015000 08:07 24525                      /usr/lib/jvm/java-7-oracle/lib/amd64/jli/libjli.so
7fbb7e2bf000-7fbb7e2c0000 rw-p 00014000 08:07 24525                      /usr/lib/jvm/java-7-oracle/lib/amd64/jli/libjli.so
7fbb7e2c0000-7fbb7e2d9000 r-xp 00000000 08:07 914535                     /lib/x86_64-linux-gnu/libpthread-2.19.so
7fbb7e2d9000-7fbb7e4d8000 ---p 00019000 08:07 914535                     /lib/x86_64-linux-gnu/libpthread-2.19.so
7fbb7e4d8000-7fbb7e4d9000 r--p 00018000 08:07 914535                     /lib/x86_64-linux-gnu/libpthread-2.19.so
7fbb7e4d9000-7fbb7e4da000 rw-p 00019000 08:07 914535                     /lib/x86_64-linux-gnu/libpthread-2.19.so
7fbb7e4da000-7fbb7e4de000 rw-p 00000000 00:00 0 
7fbb7e4de000-7fbb7e501000 r-xp 00000000 08:07 914537                     /lib/x86_64-linux-gnu/ld-2.19.so
7fbb7e508000-7fbb7e517000 r--s 000df000 08:05 1091961                    /media/D/Linux/Android/Sdk/build-tools/23.0.2/lib/dx.jar
7fbb7e517000-7fbb7e522000 rw-p 00000000 00:00 0 
7fbb7e522000-7fbb7e5d7000 rw-p 00000000 00:00 0 
7fbb7e5d7000-7fbb7e5da000 ---p 00000000 00:00 0 
7fbb7e5da000-7fbb7e6dc000 rw-p 00000000 00:00 0                          [stack:15699]
7fbb7e6dd000-7fbb7e6f4000 rw-p 00000000 00:00 0 
7fbb7e6f4000-7fbb7e6fc000 rw-s 00000000 08:07 1048277                    /tmp/hsperfdata_mtomoskozi/15692
7fbb7e6fc000-7fbb7e6fd000 rw-p 00000000 00:00 0 
7fbb7e6fd000-7fbb7e6fe000 ---p 00000000 00:00 0 
7fbb7e6fe000-7fbb7e700000 rw-p 00000000 00:00 0 
7fbb7e700000-7fbb7e701000 r--p 00022000 08:07 914537                     /lib/x86_64-linux-gnu/ld-2.19.so
7fbb7e701000-7fbb7e702000 rw-p 00023000 08:07 914537                     /lib/x86_64-linux-gnu/ld-2.19.so
7fbb7e702000-7fbb7e703000 rw-p 00000000 00:00 0 
7ffefd2f4000-7ffefd315000 rw-p 00000000 00:00 0                          [stack]
7ffefd324000-7ffefd326000 r-xp 00000000 00:00 0                          [vdso]
7ffefd326000-7ffefd328000 r--p 00000000 00:00 0                          [vvar]
ffffffffff600000-ffffffffff601000 r-xp 00000000 00:00 0                  [vsyscall]

VM Arguments:
jvm_args: -Djava.awt.headless=true -Xmx1024M -Dfile.encoding=UTF-8 -Duser.country=US -Duser.language=en -Duser.variant 
java_command: com.android.dx.command.Main --dex --force-jumbo --num-threads=4 --multi-dex --output /home/mtomoskozi/SugarApp/app/build/intermediates/transforms/dex/debug/folders/1000/1a/dependencies_b7346c3713c578b7ed02a38390cc96e91193fb1f /home/mtomoskozi/SugarApp/app/build/intermediates/transforms/instantRunSlicer/debug/jars/1/1a/dependencies.jar
Launcher Type: SUN_STANDARD

Environment Variables:
PATH=/home/mtomoskozi/workspace/anaconda3/bin:/usr/local/sbin:/usr/local/bin:/usr/sbin:/usr/bin:/sbin:/bin:/usr/games:/usr/local/games
USERNAME=mtomoskozi
LD_LIBRARY_PATH=./bin:
SHELL=/bin/bash
DISPLAY=:0

Signal Handlers:
SIGSEGV: [libjvm.so+0x9a3b20], sa_mask[0]=0x7ffbfeff, sa_flags=0x10000004
SIGBUS: [libjvm.so+0x9a3b20], sa_mask[0]=0x7ffbfeff, sa_flags=0x10000004
SIGFPE: [libjvm.so+0x81e740], sa_mask[0]=0x7ffbfeff, sa_flags=0x10000004
SIGPIPE: [libjvm.so+0x81e740], sa_mask[0]=0x7ffbfeff, sa_flags=0x10000004
SIGXFSZ: [libjvm.so+0x81e740], sa_mask[0]=0x7ffbfeff, sa_flags=0x10000004
SIGILL: [libjvm.so+0x81e740], sa_mask[0]=0x7ffbfeff, sa_flags=0x10000004
SIGUSR1: SIG_DFL, sa_mask[0]=0x00000000, sa_flags=0x00000000
SIGUSR2: [libjvm.so+0x81ffb0], sa_mask[0]=0x00000004, sa_flags=0x10000004
SIGHUP: [libjvm.so+0x8210d0], sa_mask[0]=0x7ffbfeff, sa_flags=0x10000004
SIGINT: [libjvm.so+0x8210d0], sa_mask[0]=0x7ffbfeff, sa_flags=0x10000004
SIGTERM: [libjvm.so+0x8210d0], sa_mask[0]=0x7ffbfeff, sa_flags=0x10000004
SIGQUIT: [libjvm.so+0x8210d0], sa_mask[0]=0x7ffbfeff, sa_flags=0x10000004


---------------  S Y S T E M  ---------------

OS:jessie/sid

uname:Linux 3.16.0-38-generic #52~14.04.1-Ubuntu SMP Fri May 8 09:43:57 UTC 2015 x86_64
libc:glibc 2.19 NPTL 2.19 
rlimit: STACK 8192k, CORE 0k, NPROC 31239, NOFILE 4096, AS infinity
load average:26,29 10,03 7,19

/proc/meminfo:
MemTotal:        8026328 kB
MemFree:          121668 kB
MemAvailable:      83056 kB
Buffers:             892 kB
Cached:           198456 kB
SwapCached:        10624 kB
Active:          4776952 kB
Inactive:        1115056 kB
Active(anon):    4759236 kB
Inactive(anon):  1085668 kB
Active(file):      17716 kB
Inactive(file):    29388 kB
Unevictable:        1056 kB
Mlocked:            1056 kB
SwapTotal:       2201596 kB
SwapFree:             68 kB
Dirty:               220 kB
Writeback:             0 kB
AnonPages:       5684400 kB
Mapped:           683216 kB
Shmem:            151692 kB
Slab:             120444 kB
SReclaimable:      44616 kB
SUnreclaim:        75828 kB
KernelStack:       17072 kB
PageTables:        81348 kB
NFS_Unstable:          0 kB
Bounce:                0 kB
WritebackTmp:          0 kB
CommitLimit:     6214760 kB
Committed_AS:   17804248 kB
VmallocTotal:   34359738367 kB
VmallocUsed:      578984 kB
VmallocChunk:   34359129688 kB
HardwareCorrupted:     0 kB
AnonHugePages:   1937408 kB
HugePages_Total:       0
HugePages_Free:        0
HugePages_Rsvd:        0
HugePages_Surp:        0
Hugepagesize:       2048 kB
DirectMap4k:     2263296 kB
DirectMap2M:     5974016 kB


CPU:total 4 (2 cores per cpu, 2 threads per core) family 6 model 42 stepping 7, cmov, cx8, fxsr, mmx, sse, sse2, sse3, ssse3, sse4.1, sse4.2, popcnt, avx, aes, ht, tsc, tscinvbit

/proc/cpuinfo:
processor	: 0
vendor_id	: GenuineIntel
cpu family	: 6
model		: 42
model name	: Intel(R) Core(TM) i5-2410M CPU @ 2.30GHz
stepping	: 7
microcode	: 0x25
cpu MHz		: 882.894
cache size	: 3072 KB
physical id	: 0
siblings	: 4
core id		: 0
cpu cores	: 2
apicid		: 0
initial apicid	: 0
fpu		: yes
fpu_exception	: yes
cpuid level	: 13
wp		: yes
flags		: fpu vme de pse tsc msr pae mce cx8 apic sep mtrr pge mca cmov pat pse36 clflush dts acpi mmx fxsr sse sse2 ss ht tm pbe syscall nx rdtscp lm constant_tsc arch_perfmon pebs bts rep_good nopl xtopology nonstop_tsc aperfmperf eagerfpu pni pclmulqdq dtes64 monitor ds_cpl vmx est tm2 ssse3 cx16 xtpr pdcm pcid sse4_1 sse4_2 x2apic popcnt tsc_deadline_timer aes xsave avx lahf_lm ida arat epb xsaveopt pln pts dtherm tpr_shadow vnmi flexpriority ept vpid
bogomips	: 4589.46
clflush size	: 64
cache_alignment	: 64
address sizes	: 36 bits physical, 48 bits virtual
power management:

processor	: 1
vendor_id	: GenuineIntel
cpu family	: 6
model		: 42
model name	: Intel(R) Core(TM) i5-2410M CPU @ 2.30GHz
stepping	: 7
microcode	: 0x25
cpu MHz		: 825.304
cache size	: 3072 KB
physical id	: 0
siblings	: 4
core id		: 0
cpu cores	: 2
apicid		: 1
initial apicid	: 1
fpu		: yes
fpu_exception	: yes
cpuid level	: 13
wp		: yes
flags		: fpu vme de pse tsc msr pae mce cx8 apic sep mtrr pge mca cmov pat pse36 clflush dts acpi mmx fxsr sse sse2 ss ht tm pbe syscall nx rdtscp lm constant_tsc arch_perfmon pebs bts rep_good nopl xtopology nonstop_tsc aperfmperf eagerfpu pni pclmulqdq dtes64 monitor ds_cpl vmx est tm2 ssse3 cx16 xtpr pdcm pcid sse4_1 sse4_2 x2apic popcnt tsc_deadline_timer aes xsave avx lahf_lm ida arat epb xsaveopt pln pts dtherm tpr_shadow vnmi flexpriority ept vpid
bogomips	: 4589.46
clflush size	: 64
cache_alignment	: 64
address sizes	: 36 bits physical, 48 bits virtual
power management:

processor	: 2
vendor_id	: GenuineIntel
cpu family	: 6
model		: 42
model name	: Intel(R) Core(TM) i5-2410M CPU @ 2.30GHz
stepping	: 7
microcode	: 0x25
cpu MHz		: 895.742
cache size	: 3072 KB
physical id	: 0
siblings	: 4
core id		: 1
cpu cores	: 2
apicid		: 2
initial apicid	: 2
fpu		: yes
fpu_exception	: yes
cpuid level	: 13
wp		: yes
flags		: fpu vme de pse tsc msr pae mce cx8 apic sep mtrr pge mca cmov pat pse36 clflush dts acpi mmx fxsr sse sse2 ss ht tm pbe syscall nx rdtscp lm constant_tsc arch_perfmon pebs bts rep_good nopl xtopology nonstop_tsc aperfmperf eagerfpu pni pclmulqdq dtes64 monitor ds_cpl vmx est tm2 ssse3 cx16 xtpr pdcm pcid sse4_1 sse4_2 x2apic popcnt tsc_deadline_timer aes xsave avx lahf_lm ida arat epb xsaveopt pln pts dtherm tpr_shadow vnmi flexpriority ept vpid
bogomips	: 4589.46
clflush size	: 64
cache_alignment	: 64
address sizes	: 36 bits physical, 48 bits virtual
power management:

processor	: 3
vendor_id	: GenuineIntel
cpu family	: 6
model		: 42
model name	: Intel(R) Core(TM) i5-2410M CPU @ 2.30GHz
stepping	: 7
microcode	: 0x25
cpu MHz		: 825.214
cache size	: 3072 KB
physical id	: 0
siblings	: 4
core id		: 1
cpu cores	: 2
apicid		: 3
initial apicid	: 3
fpu		: yes
fpu_exception	: yes
cpuid level	: 13
wp		: yes
flags		: fpu vme de pse tsc msr pae mce cx8 apic sep mtrr pge mca cmov pat pse36 clflush dts acpi mmx fxsr sse sse2 ss ht tm pbe syscall nx rdtscp lm constant_tsc arch_perfmon pebs bts rep_good nopl xtopology nonstop_tsc aperfmperf eagerfpu pni pclmulqdq dtes64 monitor ds_cpl vmx est tm2 ssse3 cx16 xtpr pdcm pcid sse4_1 sse4_2 x2apic popcnt tsc_deadline_timer aes xsave avx lahf_lm ida arat epb xsaveopt pln pts dtherm tpr_shadow vnmi flexpriority ept vpid
bogomips	: 4589.46
clflush size	: 64
cache_alignment	: 64
address sizes	: 36 bits physical, 48 bits virtual
power management:



Memory: 4k page, physical 8026328k(121668k free), swap 2201596k(68k free)

vm_info: Java HotSpot(TM) 64-Bit Server VM (24.80-b11) for linux-amd64 JRE (1.7.0_80-b15), built on Apr 10 2015 19:53:14 by "java_re" with gcc 4.3.0 20080428 (Red Hat 4.3.0-8)

time: Fri Apr 15 13:53:18 2016
elapsed time: 52 seconds

